{"timestamp": "2025-11-05 23:51:23,134", "name": "modules.log_manager", "levelname": "INFO", "message": "Qdrant client initialized for localhost:6333"}
{"timestamp": "2025-11-05 23:51:26,189", "name": "modules.log_manager", "levelname": "INFO", "message": "Embedding model all-MiniLM-L6-v2 loaded."}
{"timestamp": "2025-11-05 23:51:26,194", "name": "modules.log_manager", "levelname": "INFO", "message": "PostgreSQL connected to 127.0.0.1:5432/ssp_memory"}
{"timestamp": "2025-11-05 23:52:21,946", "name": "modules.log_manager", "levelname": "INFO", "message": "[ContextGetter] Retrieving current context."}
{"timestamp": "2025-11-05 23:52:26,802", "name": "modules.log_manager", "levelname": "INFO", "message": "[ContextGetter] Retrieving current context."}
{"timestamp": "2025-11-05 23:52:31,802", "name": "modules.log_manager", "levelname": "INFO", "message": "[ContextGetter] Retrieving current context."}
{"timestamp": "2025-11-05 23:52:36,795", "name": "modules.log_manager", "levelname": "INFO", "message": "[ContextGetter] Retrieving current context."}
{"timestamp": "2025-11-05 23:52:37,849", "name": "modules.log_manager", "levelname": "INFO", "message": "[ChatHandler] Received user input: ‚±‚ñ‚É‚¿‚Í"}
{"timestamp": "2025-11-05 23:52:37,849", "name": "modules.log_manager", "levelname": "INFO", "message": "[ContractRegistry] Loading contracts from contracts..."}
{"timestamp": "2025-11-05 23:52:37,851", "name": "modules.log_manager", "levelname": "INFO", "message": "[ContractRegistry] Loaded base contract: evaluator"}
{"timestamp": "2025-11-05 23:52:37,852", "name": "modules.log_manager", "levelname": "INFO", "message": "[ContractRegistry] Loaded base contract: generator"}
{"timestamp": "2025-11-05 23:52:37,853", "name": "modules.log_manager", "levelname": "INFO", "message": "[ContractRegistry] Loaded base contract: persona_manager"}
{"timestamp": "2025-11-05 23:52:37,854", "name": "modules.log_manager", "levelname": "INFO", "message": "[ContractRegistry] Loaded base contract: self_optimizer"}
{"timestamp": "2025-11-05 23:52:37,854", "name": "modules.log_manager", "levelname": "INFO", "message": "[ContractRegistry] Loaded meta-links graph."}
{"timestamp": "2025-11-05 23:52:37,864", "name": "modules.log_manager", "levelname": "INFO", "message": "Recovery policies loaded successfully from config/recovery_policies.yaml"}
{"timestamp": "2025-11-05 23:52:37,864", "name": "modules.log_manager", "levelname": "INFO", "message": "[PolicyScheduler] Initialized."}
{"timestamp": "2025-11-05 23:52:37,864", "name": "modules.log_manager", "levelname": "INFO", "message": "[TimeSeriesBuffer] Initialized with window size 50"}
{"timestamp": "2025-11-05 23:52:38,349", "name": "modules.log_manager", "levelname": "INFO", "message": "[Learner] Initialized with v2.4 components."}
{"timestamp": "2025-11-05 23:52:38,371", "name": "modules.log_manager", "levelname": "INFO", "message": "Recovery policies loaded successfully from config/recovery_policies.yaml"}
{"timestamp": "2025-11-05 23:52:38,371", "name": "modules.log_manager", "levelname": "INFO", "message": "[FeedbackLoop] Initialized with v2.4 components."}
{"timestamp": "2025-11-05 23:52:38,372", "name": "modules.log_manager", "levelname": "INFO", "message": "[FeedbackLoop] Starting feedback loop for session: 20251105_235238"}
{"timestamp": "2025-11-05 23:52:41,802", "name": "modules.log_manager", "levelname": "INFO", "message": "[ContextGetter] Retrieving current context."}
{"timestamp": "2025-11-05 23:52:41,810", "name": "modules.log_manager", "levelname": "INFO", "message": "[ContextHistory] History loaded from logs/context_history.json"}
{"timestamp": "2025-11-05 23:52:46,796", "name": "modules.log_manager", "levelname": "INFO", "message": "[ContextGetter] Retrieving current context."}
{"timestamp": "2025-11-05 23:52:46,796", "name": "modules.log_manager", "levelname": "INFO", "message": "[ContextHistory] History loaded from logs/context_history.json"}
{"timestamp": "2025-11-05 23:52:51,804", "name": "modules.log_manager", "levelname": "INFO", "message": "[ContextGetter] Retrieving current context."}
{"timestamp": "2025-11-05 23:52:51,804", "name": "modules.log_manager", "levelname": "INFO", "message": "[ContextHistory] History loaded from logs/context_history.json"}
{"timestamp": "2025-11-05 23:52:56,802", "name": "modules.log_manager", "levelname": "INFO", "message": "[ContextGetter] Retrieving current context."}
{"timestamp": "2025-11-05 23:52:56,802", "name": "modules.log_manager", "levelname": "INFO", "message": "[ContextHistory] History loaded from logs/context_history.json"}
{"timestamp": "2025-11-05 23:53:01,800", "name": "modules.log_manager", "levelname": "INFO", "message": "[ContextGetter] Retrieving current context."}
{"timestamp": "2025-11-05 23:53:01,800", "name": "modules.log_manager", "levelname": "INFO", "message": "[ContextHistory] History loaded from logs/context_history.json"}
{"timestamp": "2025-11-05 23:53:06,808", "name": "modules.log_manager", "levelname": "INFO", "message": "[ContextGetter] Retrieving current context."}
{"timestamp": "2025-11-05 23:53:06,808", "name": "modules.log_manager", "levelname": "INFO", "message": "[ContextHistory] History loaded from logs/context_history.json"}
{"timestamp": "2025-11-05 23:53:11,803", "name": "modules.log_manager", "levelname": "INFO", "message": "[ContextGetter] Retrieving current context."}
{"timestamp": "2025-11-05 23:53:11,804", "name": "modules.log_manager", "levelname": "INFO", "message": "[ContextHistory] History loaded from logs/context_history.json"}
{"timestamp": "2025-11-05 23:53:16,802", "name": "modules.log_manager", "levelname": "INFO", "message": "[ContextGetter] Retrieving current context."}
{"timestamp": "2025-11-05 23:53:16,803", "name": "modules.log_manager", "levelname": "INFO", "message": "[ContextHistory] History loaded from logs/context_history.json"}
{"timestamp": "2025-11-05 23:53:21,799", "name": "modules.log_manager", "levelname": "INFO", "message": "[ContextGetter] Retrieving current context."}
{"timestamp": "2025-11-05 23:53:21,799", "name": "modules.log_manager", "levelname": "INFO", "message": "[ContextHistory] History loaded from logs/context_history.json"}
{"timestamp": "2025-11-05 23:53:26,800", "name": "modules.log_manager", "levelname": "INFO", "message": "[ContextGetter] Retrieving current context."}
{"timestamp": "2025-11-05 23:53:26,800", "name": "modules.log_manager", "levelname": "INFO", "message": "[ContextHistory] History loaded from logs/context_history.json"}
{"timestamp": "2025-11-05 23:53:31,799", "name": "modules.log_manager", "levelname": "INFO", "message": "[ContextGetter] Retrieving current context."}
{"timestamp": "2025-11-05 23:53:31,799", "name": "modules.log_manager", "levelname": "INFO", "message": "[ContextHistory] History loaded from logs/context_history.json"}
{"timestamp": "2025-11-05 23:53:36,793", "name": "modules.log_manager", "levelname": "INFO", "message": "[ContextGetter] Retrieving current context."}
{"timestamp": "2025-11-05 23:53:36,793", "name": "modules.log_manager", "levelname": "INFO", "message": "[ContextHistory] History loaded from logs/context_history.json"}
{"timestamp": "2025-11-05 23:53:41,799", "name": "modules.log_manager", "levelname": "INFO", "message": "[ContextGetter] Retrieving current context."}
{"timestamp": "2025-11-05 23:53:41,800", "name": "modules.log_manager", "levelname": "INFO", "message": "[ContextHistory] History loaded from logs/context_history.json"}
{"timestamp": "2025-11-05 23:53:46,805", "name": "modules.log_manager", "levelname": "INFO", "message": "[ContextGetter] Retrieving current context."}
{"timestamp": "2025-11-05 23:53:46,806", "name": "modules.log_manager", "levelname": "INFO", "message": "[ContextHistory] History loaded from logs/context_history.json"}
{"timestamp": "2025-11-05 23:53:51,800", "name": "modules.log_manager", "levelname": "INFO", "message": "[ContextGetter] Retrieving current context."}
{"timestamp": "2025-11-05 23:53:51,800", "name": "modules.log_manager", "levelname": "INFO", "message": "[ContextHistory] History loaded from logs/context_history.json"}
{"timestamp": "2025-11-05 23:53:56,795", "name": "modules.log_manager", "levelname": "INFO", "message": "[ContextGetter] Retrieving current context."}
{"timestamp": "2025-11-05 23:53:56,795", "name": "modules.log_manager", "levelname": "INFO", "message": "[ContextHistory] History loaded from logs/context_history.json"}
{"timestamp": "2025-11-05 23:54:01,794", "name": "modules.log_manager", "levelname": "INFO", "message": "[ContextGetter] Retrieving current context."}
{"timestamp": "2025-11-05 23:54:01,795", "name": "modules.log_manager", "levelname": "INFO", "message": "[ContextHistory] History loaded from logs/context_history.json"}
